----Changelog version 1.2.1.0

+ Datagrid now expands the entire panel size
	+ Datagrid now doesn't resize based on height and width of entries 
+ Edit Window close now has a close dialog
+ A lot of backend changes.
	+ Media.cs was refactored
		+ There Attributes now have a new custom MediaAttribute class
	+ MessageBoxMgr is now static for more cohesive calling
+ Various bug fixes		

----Changelog version 1.2.0.0

+ Added Error Log access in the menus. Users should now be able to access the log without having to navigate to the MME folder.
     + Error Log entries are a bit more verbose. Added a stack trace for easier troubleshooting. 
+ Added checkboxes to the header columns so that a user can select which fields are edited, instead of all of them.
+ Various bug fixes.

----Changelog version 1.1.0.0

+ Updated the Edit Window UI. 
+ Added a confirmation that changes have been saved when you are editing data.
+ Added a more user friendly way of adding data to multi-value fields. There's now an add/remove button that keeps track of all of them
- In a One step forward two steps back, empty fields in edit will clear out data instead of being removed. 
+ Various bug fixes.